18:30:37 INFO  : Registering command handlers for SDK TCF services
18:30:54 INFO  : Registering command handlers for SDK TCF services
18:30:55 INFO  : Launching XSCT server: xsct -n -interactive /users/students/r0822930/Downloads/sw_package_2021/sw_package_pynq_2/musical-octo-robot/project_sw/temp_xsdb_launch_script.tcl
18:30:57 INFO  : XSCT server has started successfully.
18:30:57 INFO  : Successfully done setting XSCT server connection channel  
18:30:57 INFO  : Successfully done setting SDK workspace  
18:33:28 INFO  : 'targets -set -filter {jtag_cable_name =~ "Xilinx TUL 1234-tulA" && level==0} -index 1' command is executed.
18:33:28 INFO  : 'fpga -state' command is executed.
18:33:36 INFO  : Connected to target on host '127.0.0.1' and port '3121'.
18:33:36 INFO  : Jtag cable 'Xilinx TUL 1234-tulA' is selected.
18:33:36 INFO  : 'jtag frequency' command is executed.
18:33:36 INFO  : Sourcing of '/users/students/r0822930/Downloads/sw_package_2021/sw_package_pynq_2/musical-octo-robot/project_sw/hw_platform/ps7_init.tcl' is done.
18:33:36 INFO  : Context for 'APU' is selected.
18:33:36 INFO  : Hardware design information is loaded from '/users/students/r0822930/Downloads/sw_package_2021/sw_package_pynq_2/musical-octo-robot/project_sw/hw_platform/system.hdf'.
18:33:36 INFO  : 'configparams force-mem-access 1' command is executed.
18:33:37 INFO  : Context for 'APU' is selected.
18:33:37 INFO  : 'stop' command is executed.
18:33:42 INFO  : 'ps7_init' command is executed.
18:33:42 INFO  : 'ps7_post_config' command is executed.
18:33:42 INFO  : Context for processor 'ps7_cortexa9_0' is selected.
18:33:42 INFO  : Processor reset is completed for 'ps7_cortexa9_0'.
18:33:42 INFO  : Context for processor 'ps7_cortexa9_0' is selected.
18:33:44 INFO  : The application '/users/students/r0822930/Downloads/sw_package_2021/sw_package_pynq_2/musical-octo-robot/project_sw/sw_design/Debug/sw_design.elf' is downloaded to processor 'ps7_cortexa9_0'.
18:33:44 INFO  : 'configparams force-mem-access 0' command is executed.
18:33:44 INFO  : ----------------XSDB Script----------------
connect -url tcp:127.0.0.1:3121
source /users/students/r0822930/Downloads/sw_package_2021/sw_package_pynq_2/musical-octo-robot/project_sw/hw_platform/ps7_init.tcl
targets -set -nocase -filter {name =~"APU*" && jtag_cable_name =~ "Xilinx TUL 1234-tulA"} -index 0
loadhw -hw /users/students/r0822930/Downloads/sw_package_2021/sw_package_pynq_2/musical-octo-robot/project_sw/hw_platform/system.hdf -mem-ranges [list {0x40000000 0xbfffffff}]
configparams force-mem-access 1
targets -set -nocase -filter {name =~"APU*" && jtag_cable_name =~ "Xilinx TUL 1234-tulA"} -index 0
stop
ps7_init
ps7_post_config
targets -set -nocase -filter {name =~ "ARM*#0" && jtag_cable_name =~ "Xilinx TUL 1234-tulA"} -index 0
rst -processor
targets -set -nocase -filter {name =~ "ARM*#0" && jtag_cable_name =~ "Xilinx TUL 1234-tulA"} -index 0
dow /users/students/r0822930/Downloads/sw_package_2021/sw_package_pynq_2/musical-octo-robot/project_sw/sw_design/Debug/sw_design.elf
configparams force-mem-access 0
----------------End of Script----------------

18:33:44 INFO  : Memory regions updated for context APU
18:33:44 INFO  : Context for processor 'ps7_cortexa9_0' is selected.
18:33:44 INFO  : 'con' command is executed.
18:33:44 INFO  : ----------------XSDB Script (After Launch)----------------
targets -set -nocase -filter {name =~ "ARM*#0" && jtag_cable_name =~ "Xilinx TUL 1234-tulA"} -index 0
con
----------------End of Script----------------

18:33:44 INFO  : Launch script is exported to file '/users/students/r0822930/Downloads/sw_package_2021/sw_package_pynq_2/musical-octo-robot/project_sw/.sdk/launch_scripts/xilinx_c-c++_application_(system_debugger)/system_debugger_using_debug_sw_design.elf_on_local.tcl'
