22:22:57 **** Incremental Build of configuration Debug for project sw_design ****
make pre-build main-build 
make[1]: Map '/home/yz/Projects/musical-octo-robot/project_sw/sw_design/Debug' wordt binnengegaan
a9-linaro-pre-build-step
 
Building file: ../src/montgomery.c
Invoking: ARM v7 gcc compiler
arm-none-eabi-gcc -Wall -O0 -g3 -c -fmessage-length=0 -MT"src/montgomery.o" -mcpu=cortex-a9 -mfpu=vfpv3 -mfloat-abi=hard -I../../hw_bsp/ps7_cortexa9_0/include -MMD -MP -MF"src/montgomery.d" -MT"src/montgomery.o" -o "src/montgomery.o" "../src/montgomery.c"
../src/montgomery.c: In function 'carry_addition':
../src/montgomery.c:19:29: warning: passing argument 2 of 'mov_CS' from incompatible pointer type [-Wincompatible-pointer-types]
                 mov_CS(sum, &C, &t[i]);
                             ^
In file included from ../src/montgomery.c:6:0:
../src/asm_func.h:29:6: note: expected 'uint32_t * {aka long unsigned int *}' but argument is of type 'uint64_t * {aka long long unsigned int *}'
 void mov_CS(uint64_t sum, uint32_t* C, uint32_t* S);
      ^~~~~~
../src/montgomery.c: In function 'montMulOpt':
../src/montgomery.c:151:47: warning: passing argument 2 of 'fast_calc' makes pointer from integer without a cast [-Wint-conversion]
                         sum = fast_calc(t[0], a[j], b[i - j]);
                                               ^
In file included from ../src/montgomery.c:6:0:
../src/asm_func.h:32:10: note: expected 'uint32_t * {aka long unsigned int *}' but argument is of type 'uint32_t {aka long unsigned int}'
 uint64_t fast_calc(uint32_t a, uint32_t *b, uint32_t *c);
          ^~~~~~~~~
../src/montgomery.c:151:53: warning: passing argument 3 of 'fast_calc' makes pointer from integer without a cast [-Wint-conversion]
                         sum = fast_calc(t[0], a[j], b[i - j]);
                                                     ^
In file included from ../src/montgomery.c:6:0:
../src/asm_func.h:32:10: note: expected 'uint32_t * {aka long unsigned int *}' but argument is of type 'uint32_t {aka long unsigned int}'
 uint64_t fast_calc(uint32_t a, uint32_t *b, uint32_t *c);
          ^~~~~~~~~
../src/montgomery.c:157:44: warning: passing argument 2 of 'fast_calc' makes pointer from integer without a cast [-Wint-conversion]
                         sum = fast_calc(S, m[j], n_ex[i - j]);
                                            ^
In file included from ../src/montgomery.c:6:0:
../src/asm_func.h:32:10: note: expected 'uint32_t * {aka long unsigned int *}' but argument is of type 'uint32_t {aka long unsigned int}'
 uint64_t fast_calc(uint32_t a, uint32_t *b, uint32_t *c);
          ^~~~~~~~~
../src/montgomery.c:157:50: warning: passing argument 3 of 'fast_calc' makes pointer from integer without a cast [-Wint-conversion]
                         sum = fast_calc(S, m[j], n_ex[i - j]);
                                                  ^~~~
In file included from ../src/montgomery.c:6:0:
../src/asm_func.h:32:10: note: expected 'uint32_t * {aka long unsigned int *}' but argument is of type 'uint32_t {aka long unsigned int}'
 uint64_t fast_calc(uint32_t a, uint32_t *b, uint32_t *c);
          ^~~~~~~~~
../src/montgomery.c:165:39: warning: passing argument 2 of 'fast_calc' makes pointer from integer without a cast [-Wint-conversion]
                 sum = fast_calc(t[0], a[i], b[0]);
                                       ^
In file included from ../src/montgomery.c:6:0:
../src/asm_func.h:32:10: note: expected 'uint32_t * {aka long unsigned int *}' but argument is of type 'uint32_t {aka long unsigned int}'
 uint64_t fast_calc(uint32_t a, uint32_t *b, uint32_t *c);
          ^~~~~~~~~
../src/montgomery.c:165:45: warning: passing argument 3 of 'fast_calc' makes pointer from integer without a cast [-Wint-conversion]
                 sum = fast_calc(t[0], a[i], b[0]);
                                             ^
In file included from ../src/montgomery.c:6:0:
../src/asm_func.h:32:10: note: expected 'uint32_t * {aka long unsigned int *}' but argument is of type 'uint32_t {aka long unsigned int}'
 uint64_t fast_calc(uint32_t a, uint32_t *b, uint32_t *c);
          ^~~~~~~~~
../src/montgomery.c:171:37: warning: passing argument 2 of 'fast_calc' makes pointer from integer without a cast [-Wint-conversion]
                 m[i] = fast_calc(0, S, n_prime[0]);
                                     ^
In file included from ../src/montgomery.c:6:0:
../src/asm_func.h:32:10: note: expected 'uint32_t * {aka long unsigned int *}' but argument is of type 'uint32_t {aka long unsigned int}'
 uint64_t fast_calc(uint32_t a, uint32_t *b, uint32_t *c);
          ^~~~~~~~~
../src/montgomery.c:171:40: warning: passing argument 3 of 'fast_calc' makes pointer from integer without a cast [-Wint-conversion]
                 m[i] = fast_calc(0, S, n_prime[0]);
                                        ^~~~~~~
In file included from ../src/montgomery.c:6:0:
../src/asm_func.h:32:10: note: expected 'uint32_t * {aka long unsigned int *}' but argument is of type 'uint32_t {aka long unsigned int}'
 uint64_t fast_calc(uint32_t a, uint32_t *b, uint32_t *c);
          ^~~~~~~~~
../src/montgomery.c:173:36: warning: passing argument 2 of 'fast_calc' makes pointer from integer without a cast [-Wint-conversion]
                 sum = fast_calc(S, m[i], n_ex[0]);
                                    ^
In file included from ../src/montgomery.c:6:0:
../src/asm_func.h:32:10: note: expected 'uint32_t * {aka long unsigned int *}' but argument is of type 'uint32_t {aka long unsigned int}'
 uint64_t fast_calc(uint32_t a, uint32_t *b, uint32_t *c);
          ^~~~~~~~~
../src/montgomery.c:173:42: warning: passing argument 3 of 'fast_calc' makes pointer from integer without a cast [-Wint-conversion]
                 sum = fast_calc(S, m[i], n_ex[0]);
                                          ^~~~
In file included from ../src/montgomery.c:6:0:
../src/asm_func.h:32:10: note: expected 'uint32_t * {aka long unsigned int *}' but argument is of type 'uint32_t {aka long unsigned int}'
 uint64_t fast_calc(uint32_t a, uint32_t *b, uint32_t *c);
          ^~~~~~~~~
../src/montgomery.c:188:47: warning: passing argument 2 of 'fast_calc' makes pointer from integer without a cast [-Wint-conversion]
                         sum = fast_calc(t[0], a[j], b[i-j]);
                                               ^
In file included from ../src/montgomery.c:6:0:
../src/asm_func.h:32:10: note: expected 'uint32_t * {aka long unsigned int *}' but argument is of type 'uint32_t {aka long unsigned int}'
 uint64_t fast_calc(uint32_t a, uint32_t *b, uint32_t *c);
          ^~~~~~~~~
../src/montgomery.c:188:53: warning: passing argument 3 of 'fast_calc' makes pointer from integer without a cast [-Wint-conversion]
                         sum = fast_calc(t[0], a[j], b[i-j]);
                                                     ^
In file included from ../src/montgomery.c:6:0:
../src/asm_func.h:32:10: note: expected 'uint32_t * {aka long unsigned int *}' but argument is of type 'uint32_t {aka long unsigned int}'
 uint64_t fast_calc(uint32_t a, uint32_t *b, uint32_t *c);
          ^~~~~~~~~
../src/montgomery.c:194:44: warning: passing argument 2 of 'fast_calc' makes pointer from integer without a cast [-Wint-conversion]
                         sum = fast_calc(S, m[j], n_ex[i-j]);
                                            ^
In file included from ../src/montgomery.c:6:0:
../src/asm_func.h:32:10: note: expected 'uint32_t * {aka long unsigned int *}' but argument is of type 'uint32_t {aka long unsigned int}'
 uint64_t fast_calc(uint32_t a, uint32_t *b, uint32_t *c);
          ^~~~~~~~~
../src/montgomery.c:194:50: warning: passing argument 3 of 'fast_calc' makes pointer from integer without a cast [-Wint-conversion]
                         sum = fast_calc(S, m[j], n_ex[i-j]);
                                                  ^~~~
In file included from ../src/montgomery.c:6:0:
../src/asm_func.h:32:10: note: expected 'uint32_t * {aka long unsigned int *}' but argument is of type 'uint32_t {aka long unsigned int}'
 uint64_t fast_calc(uint32_t a, uint32_t *b, uint32_t *c);
          ^~~~~~~~~
Finished building: ../src/montgomery.c
 
Building target: sw_design.elf
Invoking: ARM v7 gcc linker
arm-none-eabi-gcc -mcpu=cortex-a9 -mfpu=vfpv3 -mfloat-abi=hard -Wl,-build-id=none -specs=Xilinx.spec -Wl,-T -Wl,../src/lscript.ld -L../../hw_bsp/ps7_cortexa9_0/lib -o "sw_design.elf" ./src/platform/interface.o ./src/platform/platform.o  ./src/asm_func.o ./src/hw_accelerator.o ./src/main.o ./src/montgomery.o ./src/mp_arith.o ./src/testvector.o ./src/warmup.o   -Wl,--start-group,-lxil,-lgcc,-lc,--end-group
Finished building target: sw_design.elf
 
Invoking: ARM v7 Print Size
arm-none-eabi-size sw_design.elf  |tee "sw_design.elf.size"
   text	   data	    bss	    dec	    hex	filename
  83508	   3352	  23344	 110204	  1ae7c	sw_design.elf
Finished building: sw_design.elf.size
 
make[1]: Map '/home/yz/Projects/musical-octo-robot/project_sw/sw_design/Debug' wordt verlaten
22:22:59 **** Incremental Build of configuration Debug for project sw_design ****
make pre-build main-build 
make[1]: Map '/home/yz/Projects/musical-octo-robot/project_sw/sw_design/Debug' wordt binnengegaan
a9-linaro-pre-build-step
 
make[1]: Er hoeft niets gedaan te worden voor 'main-build'.
make[1]: Map '/home/yz/Projects/musical-octo-robot/project_sw/sw_design/Debug' wordt verlaten
