18:58:56 **** Build of project hw_bsp ****
make -k all 
make[1]: Map '/home/yz/Projects/musical-octo-robot/project_sw/hw_bsp' wordt binnengegaan
Running Make include in ps7_cortexa9_0/libsrc/axidma_v9_7/src
make -C ps7_cortexa9_0/libsrc/axidma_v9_7/src -s include  "SHELL=/bin/sh" "COMPILER=arm-none-eabi-gcc" "ARCHIVER=arm-none-eabi-ar" "COMPILER_FLAGS=  -O2 -c" "EXTRA_COMPILER_FLAGS=-mcpu=cortex-a9 -mfpu=vfpv3 -mfloat-abi=hard -nostartfiles -g -Wall -Wextra"
make[2]: Map '/home/yz/Projects/musical-octo-robot/project_sw/hw_bsp/ps7_cortexa9_0/libsrc/axidma_v9_7/src' wordt binnengegaan
make[2]: Map '/home/yz/Projects/musical-octo-robot/project_sw/hw_bsp/ps7_cortexa9_0/libsrc/axidma_v9_7/src' wordt verlaten
Running Make include in ps7_cortexa9_0/libsrc/coresightps_dcc_v1_4/src
make -C ps7_cortexa9_0/libsrc/coresightps_dcc_v1_4/src -s include  "SHELL=/bin/sh" "COMPILER=arm-none-eabi-gcc" "ARCHIVER=arm-none-eabi-ar" "COMPILER_FLAGS=  -O2 -c" "EXTRA_COMPILER_FLAGS=-mcpu=cortex-a9 -mfpu=vfpv3 -mfloat-abi=hard -nostartfiles -g -Wall -Wextra"
make[2]: Map '/home/yz/Projects/musical-octo-robot/project_sw/hw_bsp/ps7_cortexa9_0/libsrc/coresightps_dcc_v1_4/src' wordt binnengegaan
make[2]: Map '/home/yz/Projects/musical-octo-robot/project_sw/hw_bsp/ps7_cortexa9_0/libsrc/coresightps_dcc_v1_4/src' wordt verlaten
Running Make include in ps7_cortexa9_0/libsrc/cpu_cortexa9_v2_6/src
make -C ps7_cortexa9_0/libsrc/cpu_cortexa9_v2_6/src -s include  "SHELL=/bin/sh" "COMPILER=arm-none-eabi-gcc" "ARCHIVER=arm-none-eabi-ar" "COMPILER_FLAGS=  -O2 -c" "EXTRA_COMPILER_FLAGS=-mcpu=cortex-a9 -mfpu=vfpv3 -mfloat-abi=hard -nostartfiles -g -Wall -Wextra"
make[2]: Map '/home/yz/Projects/musical-octo-robot/project_sw/hw_bsp/ps7_cortexa9_0/libsrc/cpu_cortexa9_v2_6/src' wordt binnengegaan
make[2]: Map '/home/yz/Projects/musical-octo-robot/project_sw/hw_bsp/ps7_cortexa9_0/libsrc/cpu_cortexa9_v2_6/src' wordt verlaten
Running Make include in ps7_cortexa9_0/libsrc/ddrps_v1_0/src
make -C ps7_cortexa9_0/libsrc/ddrps_v1_0/src -s include  "SHELL=/bin/sh" "COMPILER=arm-none-eabi-gcc" "ARCHIVER=arm-none-eabi-ar" "COMPILER_FLAGS=  -O2 -c" "EXTRA_COMPILER_FLAGS=-mcpu=cortex-a9 -mfpu=vfpv3 -mfloat-abi=hard -nostartfiles -g -Wall -Wextra"
make[2]: Map '/home/yz/Projects/musical-octo-robot/project_sw/hw_bsp/ps7_cortexa9_0/libsrc/ddrps_v1_0/src' wordt binnengegaan
make[2]: Map '/home/yz/Projects/musical-octo-robot/project_sw/hw_bsp/ps7_cortexa9_0/libsrc/ddrps_v1_0/src' wordt verlaten
Running Make include in ps7_cortexa9_0/libsrc/devcfg_v3_5/src
make -C ps7_cortexa9_0/libsrc/devcfg_v3_5/src -s include  "SHELL=/bin/sh" "COMPILER=arm-none-eabi-gcc" "ARCHIVER=arm-none-eabi-ar" "COMPILER_FLAGS=  -O2 -c" "EXTRA_COMPILER_FLAGS=-mcpu=cortex-a9 -mfpu=vfpv3 -mfloat-abi=hard -nostartfiles -g -Wall -Wextra"
make[2]: Map '/home/yz/Projects/musical-octo-robot/project_sw/hw_bsp/ps7_cortexa9_0/libsrc/devcfg_v3_5/src' wordt binnengegaan
make[2]: Map '/home/yz/Projects/musical-octo-robot/project_sw/hw_bsp/ps7_cortexa9_0/libsrc/devcfg_v3_5/src' wordt verlaten
Running Make include in ps7_cortexa9_0/libsrc/dmaps_v2_3/src
make -C ps7_cortexa9_0/libsrc/dmaps_v2_3/src -s include  "SHELL=/bin/sh" "COMPILER=arm-none-eabi-gcc" "ARCHIVER=arm-none-eabi-ar" "COMPILER_FLAGS=  -O2 -c" "EXTRA_COMPILER_FLAGS=-mcpu=cortex-a9 -mfpu=vfpv3 -mfloat-abi=hard -nostartfiles -g -Wall -Wextra"
make[2]: Map '/home/yz/Projects/musical-octo-robot/project_sw/hw_bsp/ps7_cortexa9_0/libsrc/dmaps_v2_3/src' wordt binnengegaan
make[2]: Map '/home/yz/Projects/musical-octo-robot/project_sw/hw_bsp/ps7_cortexa9_0/libsrc/dmaps_v2_3/src' wordt verlaten
Running Make include in ps7_cortexa9_0/libsrc/emacps_v3_7/src
make -C ps7_cortexa9_0/libsrc/emacps_v3_7/src -s include  "SHELL=/bin/sh" "COMPILER=arm-none-eabi-gcc" "ARCHIVER=arm-none-eabi-ar" "COMPILER_FLAGS=  -O2 -c" "EXTRA_COMPILER_FLAGS=-mcpu=cortex-a9 -mfpu=vfpv3 -mfloat-abi=hard -nostartfiles -g -Wall -Wextra"
make[2]: Map '/home/yz/Projects/musical-octo-robot/project_sw/hw_bsp/ps7_cortexa9_0/libsrc/emacps_v3_7/src' wordt binnengegaan
make[2]: Map '/home/yz/Projects/musical-octo-robot/project_sw/hw_bsp/ps7_cortexa9_0/libsrc/emacps_v3_7/src' wordt verlaten
Running Make include in ps7_cortexa9_0/libsrc/gpiops_v3_3/src
make -C ps7_cortexa9_0/libsrc/gpiops_v3_3/src -s include  "SHELL=/bin/sh" "COMPILER=arm-none-eabi-gcc" "ARCHIVER=arm-none-eabi-ar" "COMPILER_FLAGS=  -O2 -c" "EXTRA_COMPILER_FLAGS=-mcpu=cortex-a9 -mfpu=vfpv3 -mfloat-abi=hard -nostartfiles -g -Wall -Wextra"
make[2]: Map '/home/yz/Projects/musical-octo-robot/project_sw/hw_bsp/ps7_cortexa9_0/libsrc/gpiops_v3_3/src' wordt binnengegaan
make[2]: Map '/home/yz/Projects/musical-octo-robot/project_sw/hw_bsp/ps7_cortexa9_0/libsrc/gpiops_v3_3/src' wordt verlaten
Running Make include in ps7_cortexa9_0/libsrc/qspips_v3_4/src
make -C ps7_cortexa9_0/libsrc/qspips_v3_4/src -s include  "SHELL=/bin/sh" "COMPILER=arm-none-eabi-gcc" "ARCHIVER=arm-none-eabi-ar" "COMPILER_FLAGS=  -O2 -c" "EXTRA_COMPILER_FLAGS=-mcpu=cortex-a9 -mfpu=vfpv3 -mfloat-abi=hard -nostartfiles -g -Wall -Wextra"
make[2]: Map '/home/yz/Projects/musical-octo-robot/project_sw/hw_bsp/ps7_cortexa9_0/libsrc/qspips_v3_4/src' wordt binnengegaan
make[2]: Map '/home/yz/Projects/musical-octo-robot/project_sw/hw_bsp/ps7_cortexa9_0/libsrc/qspips_v3_4/src' wordt verlaten
Running Make include in ps7_cortexa9_0/libsrc/scugic_v3_9/src
make -C ps7_cortexa9_0/libsrc/scugic_v3_9/src -s include  "SHELL=/bin/sh" "COMPILER=arm-none-eabi-gcc" "ARCHIVER=arm-none-eabi-ar" "COMPILER_FLAGS=  -O2 -c" "EXTRA_COMPILER_FLAGS=-mcpu=cortex-a9 -mfpu=vfpv3 -mfloat-abi=hard -nostartfiles -g -Wall -Wextra"
make[2]: Map '/home/yz/Projects/musical-octo-robot/project_sw/hw_bsp/ps7_cortexa9_0/libsrc/scugic_v3_9/src' wordt binnengegaan
make[2]: Map '/home/yz/Projects/musical-octo-robot/project_sw/hw_bsp/ps7_cortexa9_0/libsrc/scugic_v3_9/src' wordt verlaten
Running Make include in ps7_cortexa9_0/libsrc/scutimer_v2_1/src
make -C ps7_cortexa9_0/libsrc/scutimer_v2_1/src -s include  "SHELL=/bin/sh" "COMPILER=arm-none-eabi-gcc" "ARCHIVER=arm-none-eabi-ar" "COMPILER_FLAGS=  -O2 -c" "EXTRA_COMPILER_FLAGS=-mcpu=cortex-a9 -mfpu=vfpv3 -mfloat-abi=hard -nostartfiles -g -Wall -Wextra"
make[2]: Map '/home/yz/Projects/musical-octo-robot/project_sw/hw_bsp/ps7_cortexa9_0/libsrc/scutimer_v2_1/src' wordt binnengegaan
make[2]: Map '/home/yz/Projects/musical-octo-robot/project_sw/hw_bsp/ps7_cortexa9_0/libsrc/scutimer_v2_1/src' wordt verlaten
Running Make include in ps7_cortexa9_0/libsrc/scuwdt_v2_1/src
make -C ps7_cortexa9_0/libsrc/scuwdt_v2_1/src -s include  "SHELL=/bin/sh" "COMPILER=arm-none-eabi-gcc" "ARCHIVER=arm-none-eabi-ar" "COMPILER_FLAGS=  -O2 -c" "EXTRA_COMPILER_FLAGS=-mcpu=cortex-a9 -mfpu=vfpv3 -mfloat-abi=hard -nostartfiles -g -Wall -Wextra"
make[2]: Map '/home/yz/Projects/musical-octo-robot/project_sw/hw_bsp/ps7_cortexa9_0/libsrc/scuwdt_v2_1/src' wordt binnengegaan
make[2]: Map '/home/yz/Projects/musical-octo-robot/project_sw/hw_bsp/ps7_cortexa9_0/libsrc/scuwdt_v2_1/src' wordt verlaten
Running Make include in ps7_cortexa9_0/libsrc/sdps_v3_5/src
make -C ps7_cortexa9_0/libsrc/sdps_v3_5/src -s include  "SHELL=/bin/sh" "COMPILER=arm-none-eabi-gcc" "ARCHIVER=arm-none-eabi-ar" "COMPILER_FLAGS=  -O2 -c" "EXTRA_COMPILER_FLAGS=-mcpu=cortex-a9 -mfpu=vfpv3 -mfloat-abi=hard -nostartfiles -g -Wall -Wextra"
make[2]: Map '/home/yz/Projects/musical-octo-robot/project_sw/hw_bsp/ps7_cortexa9_0/libsrc/sdps_v3_5/src' wordt binnengegaan
make[2]: Map '/home/yz/Projects/musical-octo-robot/project_sw/hw_bsp/ps7_cortexa9_0/libsrc/sdps_v3_5/src' wordt verlaten
Running Make include in ps7_cortexa9_0/libsrc/standalone_v6_7/src
make -C ps7_cortexa9_0/libsrc/standalone_v6_7/src -s include  "SHELL=/bin/sh" "COMPILER=arm-none-eabi-gcc" "ARCHIVER=arm-none-eabi-ar" "COMPILER_FLAGS=  -O2 -c" "EXTRA_COMPILER_FLAGS=-mcpu=cortex-a9 -mfpu=vfpv3 -mfloat-abi=hard -nostartfiles -g -Wall -Wextra"
make[2]: Map '/home/yz/Projects/musical-octo-robot/project_sw/hw_bsp/ps7_cortexa9_0/libsrc/standalone_v6_7/src' wordt binnengegaan
make[3]: Map '/home/yz/Projects/musical-octo-robot/project_sw/hw_bsp/ps7_cortexa9_0/libsrc/standalone_v6_7/src/profile' wordt binnengegaan
make[3]: Map '/home/yz/Projects/musical-octo-robot/project_sw/hw_bsp/ps7_cortexa9_0/libsrc/standalone_v6_7/src/profile' wordt verlaten
make[2]: Map '/home/yz/Projects/musical-octo-robot/project_sw/hw_bsp/ps7_cortexa9_0/libsrc/standalone_v6_7/src' wordt verlaten
Running Make include in ps7_cortexa9_0/libsrc/uartps_v3_6/src
make -C ps7_cortexa9_0/libsrc/uartps_v3_6/src -s include  "SHELL=/bin/sh" "COMPILER=arm-none-eabi-gcc" "ARCHIVER=arm-none-eabi-ar" "COMPILER_FLAGS=  -O2 -c" "EXTRA_COMPILER_FLAGS=-mcpu=cortex-a9 -mfpu=vfpv3 -mfloat-abi=hard -nostartfiles -g -Wall -Wextra"
make[2]: Map '/home/yz/Projects/musical-octo-robot/project_sw/hw_bsp/ps7_cortexa9_0/libsrc/uartps_v3_6/src' wordt binnengegaan
make[2]: Map '/home/yz/Projects/musical-octo-robot/project_sw/hw_bsp/ps7_cortexa9_0/libsrc/uartps_v3_6/src' wordt verlaten
Running Make include in ps7_cortexa9_0/libsrc/usbps_v2_4/src
make -C ps7_cortexa9_0/libsrc/usbps_v2_4/src -s include  "SHELL=/bin/sh" "COMPILER=arm-none-eabi-gcc" "ARCHIVER=arm-none-eabi-ar" "COMPILER_FLAGS=  -O2 -c" "EXTRA_COMPILER_FLAGS=-mcpu=cortex-a9 -mfpu=vfpv3 -mfloat-abi=hard -nostartfiles -g -Wall -Wextra"
make[2]: Map '/home/yz/Projects/musical-octo-robot/project_sw/hw_bsp/ps7_cortexa9_0/libsrc/usbps_v2_4/src' wordt binnengegaan
make[2]: Map '/home/yz/Projects/musical-octo-robot/project_sw/hw_bsp/ps7_cortexa9_0/libsrc/usbps_v2_4/src' wordt verlaten
Running Make include in ps7_cortexa9_0/libsrc/xadcps_v2_2/src
make -C ps7_cortexa9_0/libsrc/xadcps_v2_2/src -s include  "SHELL=/bin/sh" "COMPILER=arm-none-eabi-gcc" "ARCHIVER=arm-none-eabi-ar" "COMPILER_FLAGS=  -O2 -c" "EXTRA_COMPILER_FLAGS=-mcpu=cortex-a9 -mfpu=vfpv3 -mfloat-abi=hard -nostartfiles -g -Wall -Wextra"
make[2]: Map '/home/yz/Projects/musical-octo-robot/project_sw/hw_bsp/ps7_cortexa9_0/libsrc/xadcps_v2_2/src' wordt binnengegaan
make[2]: Map '/home/yz/Projects/musical-octo-robot/project_sw/hw_bsp/ps7_cortexa9_0/libsrc/xadcps_v2_2/src' wordt verlaten
Running Make libs in ps7_cortexa9_0/libsrc/axidma_v9_7/src
make -C ps7_cortexa9_0/libsrc/axidma_v9_7/src -s libs  "SHELL=/bin/sh" "COMPILER=arm-none-eabi-gcc" "ARCHIVER=arm-none-eabi-ar" "COMPILER_FLAGS=  -O2 -c" "EXTRA_COMPILER_FLAGS=-mcpu=cortex-a9 -mfpu=vfpv3 -mfloat-abi=hard -nostartfiles -g -Wall -Wextra"
make[2]: Map '/home/yz/Projects/musical-octo-robot/project_sw/hw_bsp/ps7_cortexa9_0/libsrc/axidma_v9_7/src' wordt binnengegaan
Compiling axidma
make[3]: Map '/home/yz/Projects/musical-octo-robot/project_sw/hw_bsp/ps7_cortexa9_0/libsrc/axidma_v9_7/src' wordt binnengegaan
make[3]: Map '/home/yz/Projects/musical-octo-robot/project_sw/hw_bsp/ps7_cortexa9_0/libsrc/axidma_v9_7/src' wordt verlaten
make[2]: Map '/home/yz/Projects/musical-octo-robot/project_sw/hw_bsp/ps7_cortexa9_0/libsrc/axidma_v9_7/src' wordt verlaten
Running Make libs in ps7_cortexa9_0/libsrc/coresightps_dcc_v1_4/src
make -C ps7_cortexa9_0/libsrc/coresightps_dcc_v1_4/src -s libs  "SHELL=/bin/sh" "COMPILER=arm-none-eabi-gcc" "ARCHIVER=arm-none-eabi-ar" "COMPILER_FLAGS=  -O2 -c" "EXTRA_COMPILER_FLAGS=-mcpu=cortex-a9 -mfpu=vfpv3 -mfloat-abi=hard -nostartfiles -g -Wall -Wextra"
make[2]: Map '/home/yz/Projects/musical-octo-robot/project_sw/hw_bsp/ps7_cortexa9_0/libsrc/coresightps_dcc_v1_4/src' wordt binnengegaan
Compiling coresightps_dcc
make[2]: Map '/home/yz/Projects/musical-octo-robot/project_sw/hw_bsp/ps7_cortexa9_0/libsrc/coresightps_dcc_v1_4/src' wordt verlaten
Running Make libs in ps7_cortexa9_0/libsrc/cpu_cortexa9_v2_6/src
make -C ps7_cortexa9_0/libsrc/cpu_cortexa9_v2_6/src -s libs  "SHELL=/bin/sh" "COMPILER=arm-none-eabi-gcc" "ARCHIVER=arm-none-eabi-ar" "COMPILER_FLAGS=  -O2 -c" "EXTRA_COMPILER_FLAGS=-mcpu=cortex-a9 -mfpu=vfpv3 -mfloat-abi=hard -nostartfiles -g -Wall -Wextra"
make[2]: Map '/home/yz/Projects/musical-octo-robot/project_sw/hw_bsp/ps7_cortexa9_0/libsrc/cpu_cortexa9_v2_6/src' wordt binnengegaan
Compiling cpu_cortexa9
make[2]: Map '/home/yz/Projects/musical-octo-robot/project_sw/hw_bsp/ps7_cortexa9_0/libsrc/cpu_cortexa9_v2_6/src' wordt verlaten
Running Make libs in ps7_cortexa9_0/libsrc/ddrps_v1_0/src
make -C ps7_cortexa9_0/libsrc/ddrps_v1_0/src -s libs  "SHELL=/bin/sh" "COMPILER=arm-none-eabi-gcc" "ARCHIVER=arm-none-eabi-ar" "COMPILER_FLAGS=  -O2 -c" "EXTRA_COMPILER_FLAGS=-mcpu=cortex-a9 -mfpu=vfpv3 -mfloat-abi=hard -nostartfiles -g -Wall -Wextra"
make[2]: Map '/home/yz/Projects/musical-octo-robot/project_sw/hw_bsp/ps7_cortexa9_0/libsrc/ddrps_v1_0/src' wordt binnengegaan
Compiling ddrps
make[2]: Map '/home/yz/Projects/musical-octo-robot/project_sw/hw_bsp/ps7_cortexa9_0/libsrc/ddrps_v1_0/src' wordt verlaten
Running Make libs in ps7_cortexa9_0/libsrc/devcfg_v3_5/src
make -C ps7_cortexa9_0/libsrc/devcfg_v3_5/src -s libs  "SHELL=/bin/sh" "COMPILER=arm-none-eabi-gcc" "ARCHIVER=arm-none-eabi-ar" "COMPILER_FLAGS=  -O2 -c" "EXTRA_COMPILER_FLAGS=-mcpu=cortex-a9 -mfpu=vfpv3 -mfloat-abi=hard -nostartfiles -g -Wall -Wextra"
make[2]: Map '/home/yz/Projects/musical-octo-robot/project_sw/hw_bsp/ps7_cortexa9_0/libsrc/devcfg_v3_5/src' wordt binnengegaan
Compiling devcfg
make[2]: Map '/home/yz/Projects/musical-octo-robot/project_sw/hw_bsp/ps7_cortexa9_0/libsrc/devcfg_v3_5/src' wordt verlaten
Running Make libs in ps7_cortexa9_0/libsrc/dmaps_v2_3/src
make -C ps7_cortexa9_0/libsrc/dmaps_v2_3/src -s libs  "SHELL=/bin/sh" "COMPILER=arm-none-eabi-gcc" "ARCHIVER=arm-none-eabi-ar" "COMPILER_FLAGS=  -O2 -c" "EXTRA_COMPILER_FLAGS=-mcpu=cortex-a9 -mfpu=vfpv3 -mfloat-abi=hard -nostartfiles -g -Wall -Wextra"
make[2]: Map '/home/yz/Projects/musical-octo-robot/project_sw/hw_bsp/ps7_cortexa9_0/libsrc/dmaps_v2_3/src' wordt binnengegaan
Compiling dmaps
make[2]: Map '/home/yz/Projects/musical-octo-robot/project_sw/hw_bsp/ps7_cortexa9_0/libsrc/dmaps_v2_3/src' wordt verlaten
Running Make libs in ps7_cortexa9_0/libsrc/emacps_v3_7/src
make -C ps7_cortexa9_0/libsrc/emacps_v3_7/src -s libs  "SHELL=/bin/sh" "COMPILER=arm-none-eabi-gcc" "ARCHIVER=arm-none-eabi-ar" "COMPILER_FLAGS=  -O2 -c" "EXTRA_COMPILER_FLAGS=-mcpu=cortex-a9 -mfpu=vfpv3 -mfloat-abi=hard -nostartfiles -g -Wall -Wextra"
make[2]: Map '/home/yz/Projects/musical-octo-robot/project_sw/hw_bsp/ps7_cortexa9_0/libsrc/emacps_v3_7/src' wordt binnengegaan
Compiling emacps
make[2]: Map '/home/yz/Projects/musical-octo-robot/project_sw/hw_bsp/ps7_cortexa9_0/libsrc/emacps_v3_7/src' wordt verlaten
Running Make libs in ps7_cortexa9_0/libsrc/gpiops_v3_3/src
make -C ps7_cortexa9_0/libsrc/gpiops_v3_3/src -s libs  "SHELL=/bin/sh" "COMPILER=arm-none-eabi-gcc" "ARCHIVER=arm-none-eabi-ar" "COMPILER_FLAGS=  -O2 -c" "EXTRA_COMPILER_FLAGS=-mcpu=cortex-a9 -mfpu=vfpv3 -mfloat-abi=hard -nostartfiles -g -Wall -Wextra"
make[2]: Map '/home/yz/Projects/musical-octo-robot/project_sw/hw_bsp/ps7_cortexa9_0/libsrc/gpiops_v3_3/src' wordt binnengegaan
Compiling gpiops
make[2]: Map '/home/yz/Projects/musical-octo-robot/project_sw/hw_bsp/ps7_cortexa9_0/libsrc/gpiops_v3_3/src' wordt verlaten
Running Make libs in ps7_cortexa9_0/libsrc/qspips_v3_4/src
make -C ps7_cortexa9_0/libsrc/qspips_v3_4/src -s libs  "SHELL=/bin/sh" "COMPILER=arm-none-eabi-gcc" "ARCHIVER=arm-none-eabi-ar" "COMPILER_FLAGS=  -O2 -c" "EXTRA_COMPILER_FLAGS=-mcpu=cortex-a9 -mfpu=vfpv3 -mfloat-abi=hard -nostartfiles -g -Wall -Wextra"
make[2]: Map '/home/yz/Projects/musical-octo-robot/project_sw/hw_bsp/ps7_cortexa9_0/libsrc/qspips_v3_4/src' wordt binnengegaan
Compiling qspips
make[2]: Map '/home/yz/Projects/musical-octo-robot/project_sw/hw_bsp/ps7_cortexa9_0/libsrc/qspips_v3_4/src' wordt verlaten
Running Make libs in ps7_cortexa9_0/libsrc/scugic_v3_9/src
make -C ps7_cortexa9_0/libsrc/scugic_v3_9/src -s libs  "SHELL=/bin/sh" "COMPILER=arm-none-eabi-gcc" "ARCHIVER=arm-none-eabi-ar" "COMPILER_FLAGS=  -O2 -c" "EXTRA_COMPILER_FLAGS=-mcpu=cortex-a9 -mfpu=vfpv3 -mfloat-abi=hard -nostartfiles -g -Wall -Wextra"
make[2]: Map '/home/yz/Projects/musical-octo-robot/project_sw/hw_bsp/ps7_cortexa9_0/libsrc/scugic_v3_9/src' wordt binnengegaan
Compiling scugic
make[2]: Map '/home/yz/Projects/musical-octo-robot/project_sw/hw_bsp/ps7_cortexa9_0/libsrc/scugic_v3_9/src' wordt verlaten
Running Make libs in ps7_cortexa9_0/libsrc/scutimer_v2_1/src
make -C ps7_cortexa9_0/libsrc/scutimer_v2_1/src -s libs  "SHELL=/bin/sh" "COMPILER=arm-none-eabi-gcc" "ARCHIVER=arm-none-eabi-ar" "COMPILER_FLAGS=  -O2 -c" "EXTRA_COMPILER_FLAGS=-mcpu=cortex-a9 -mfpu=vfpv3 -mfloat-abi=hard -nostartfiles -g -Wall -Wextra"
make[2]: Map '/home/yz/Projects/musical-octo-robot/project_sw/hw_bsp/ps7_cortexa9_0/libsrc/scutimer_v2_1/src' wordt binnengegaan
Compiling scutimer
make[2]: Map '/home/yz/Projects/musical-octo-robot/project_sw/hw_bsp/ps7_cortexa9_0/libsrc/scutimer_v2_1/src' wordt verlaten
Running Make libs in ps7_cortexa9_0/libsrc/scuwdt_v2_1/src
make -C ps7_cortexa9_0/libsrc/scuwdt_v2_1/src -s libs  "SHELL=/bin/sh" "COMPILER=arm-none-eabi-gcc" "ARCHIVER=arm-none-eabi-ar" "COMPILER_FLAGS=  -O2 -c" "EXTRA_COMPILER_FLAGS=-mcpu=cortex-a9 -mfpu=vfpv3 -mfloat-abi=hard -nostartfiles -g -Wall -Wextra"
make[2]: Map '/home/yz/Projects/musical-octo-robot/project_sw/hw_bsp/ps7_cortexa9_0/libsrc/scuwdt_v2_1/src' wordt binnengegaan
Compiling scuwdt
make[2]: Map '/home/yz/Projects/musical-octo-robot/project_sw/hw_bsp/ps7_cortexa9_0/libsrc/scuwdt_v2_1/src' wordt verlaten
Running Make libs in ps7_cortexa9_0/libsrc/sdps_v3_5/src
make -C ps7_cortexa9_0/libsrc/sdps_v3_5/src -s libs  "SHELL=/bin/sh" "COMPILER=arm-none-eabi-gcc" "ARCHIVER=arm-none-eabi-ar" "COMPILER_FLAGS=  -O2 -c" "EXTRA_COMPILER_FLAGS=-mcpu=cortex-a9 -mfpu=vfpv3 -mfloat-abi=hard -nostartfiles -g -Wall -Wextra"
make[2]: Map '/home/yz/Projects/musical-octo-robot/project_sw/hw_bsp/ps7_cortexa9_0/libsrc/sdps_v3_5/src' wordt binnengegaan
Compiling sdps
make[2]: Map '/home/yz/Projects/musical-octo-robot/project_sw/hw_bsp/ps7_cortexa9_0/libsrc/sdps_v3_5/src' wordt verlaten
Running Make libs in ps7_cortexa9_0/libsrc/standalone_v6_7/src
make -C ps7_cortexa9_0/libsrc/standalone_v6_7/src -s libs  "SHELL=/bin/sh" "COMPILER=arm-none-eabi-gcc" "ARCHIVER=arm-none-eabi-ar" "COMPILER_FLAGS=  -O2 -c" "EXTRA_COMPILER_FLAGS=-mcpu=cortex-a9 -mfpu=vfpv3 -mfloat-abi=hard -nostartfiles -g -Wall -Wextra"
make[2]: Map '/home/yz/Projects/musical-octo-robot/project_sw/hw_bsp/ps7_cortexa9_0/libsrc/standalone_v6_7/src' wordt binnengegaan
Compiling standalone
In file included from sleep.c:57:0:
xtime_l.h:89:9: note: #pragma message: For the sleep routines, Global timer is being used
 #pragma message ("For the sleep routines, Global timer is being used")
         ^~~~~~~
In file included from usleep.c:60:0:
xtime_l.h:89:9: note: #pragma message: For the sleep routines, Global timer is being used
 #pragma message ("For the sleep routines, Global timer is being used")
         ^~~~~~~
In file included from xil_sleeptimer.c:55:0:
xtime_l.h:89:9: note: #pragma message: For the sleep routines, Global timer is being used
 #pragma message ("For the sleep routines, Global timer is being used")
         ^~~~~~~
In file included from xtime_l.c:53:0:
xtime_l.h:89:9: note: #pragma message: For the sleep routines, Global timer is being used
 #pragma message ("For the sleep routines, Global timer is being used")
         ^~~~~~~
make[2]: Map '/home/yz/Projects/musical-octo-robot/project_sw/hw_bsp/ps7_cortexa9_0/libsrc/standalone_v6_7/src' wordt verlaten
Running Make libs in ps7_cortexa9_0/libsrc/uartps_v3_6/src
make -C ps7_cortexa9_0/libsrc/uartps_v3_6/src -s libs  "SHELL=/bin/sh" "COMPILER=arm-none-eabi-gcc" "ARCHIVER=arm-none-eabi-ar" "COMPILER_FLAGS=  -O2 -c" "EXTRA_COMPILER_FLAGS=-mcpu=cortex-a9 -mfpu=vfpv3 -mfloat-abi=hard -nostartfiles -g -Wall -Wextra"
make[2]: Map '/home/yz/Projects/musical-octo-robot/project_sw/hw_bsp/ps7_cortexa9_0/libsrc/uartps_v3_6/src' wordt binnengegaan
Compiling uartps
make[2]: Map '/home/yz/Projects/musical-octo-robot/project_sw/hw_bsp/ps7_cortexa9_0/libsrc/uartps_v3_6/src' wordt verlaten
Running Make libs in ps7_cortexa9_0/libsrc/usbps_v2_4/src
make -C ps7_cortexa9_0/libsrc/usbps_v2_4/src -s libs  "SHELL=/bin/sh" "COMPILER=arm-none-eabi-gcc" "ARCHIVER=arm-none-eabi-ar" "COMPILER_FLAGS=  -O2 -c" "EXTRA_COMPILER_FLAGS=-mcpu=cortex-a9 -mfpu=vfpv3 -mfloat-abi=hard -nostartfiles -g -Wall -Wextra"
make[2]: Map '/home/yz/Projects/musical-octo-robot/project_sw/hw_bsp/ps7_cortexa9_0/libsrc/usbps_v2_4/src' wordt binnengegaan
Compiling usbps
make[2]: Map '/home/yz/Projects/musical-octo-robot/project_sw/hw_bsp/ps7_cortexa9_0/libsrc/usbps_v2_4/src' wordt verlaten
Running Make libs in ps7_cortexa9_0/libsrc/xadcps_v2_2/src
make -C ps7_cortexa9_0/libsrc/xadcps_v2_2/src -s libs  "SHELL=/bin/sh" "COMPILER=arm-none-eabi-gcc" "ARCHIVER=arm-none-eabi-ar" "COMPILER_FLAGS=  -O2 -c" "EXTRA_COMPILER_FLAGS=-mcpu=cortex-a9 -mfpu=vfpv3 -mfloat-abi=hard -nostartfiles -g -Wall -Wextra"
make[2]: Map '/home/yz/Projects/musical-octo-robot/project_sw/hw_bsp/ps7_cortexa9_0/libsrc/xadcps_v2_2/src' wordt binnengegaan
Compiling xadcps
make[2]: Map '/home/yz/Projects/musical-octo-robot/project_sw/hw_bsp/ps7_cortexa9_0/libsrc/xadcps_v2_2/src' wordt verlaten
Finished building libraries
make[1]: Map '/home/yz/Projects/musical-octo-robot/project_sw/hw_bsp' wordt verlaten

18:59:03 Build Finished (took 6s.275ms)

